<?xml version="1.0" encoding="UTF-8"?>
<!-- Generated by org.testng.reporters.JUnitXMLReporter -->
<testsuite hostname="DESKTOP-BHCQ0KF" ignored="25" name="Default test" tests="1" failures="0" timestamp="29 Sep 2020 03:22:48 GMT" time="43.643" errors="0">
  <testcase name="ExistingAddressValidationTest" time="11.709" classname="com.etailpet.qa.testcases.ProfilePageTest"/>
  <testcase name="RemovePhoneNumberAndUpdateTest" time="0.0" classname="com.etailpet.qa.testcases.ProfilePageTest">
    <ignored/>
  </testcase> <!-- RemovePhoneNumberAndUpdateTest -->
  <testcase name="VerifyHistoryPageTitleTest" time="0.0" classname="com.etailpet.qa.testcases.ProfilePageTest">
    <ignored/>
  </testcase> <!-- VerifyHistoryPageTitleTest -->
  <testcase name="VerifyTheStoredAddressTest" time="0.0" classname="com.etailpet.qa.testcases.ProfilePageTest">
    <ignored/>
  </testcase> <!-- VerifyTheStoredAddressTest -->
  <testcase name="RemoveFirstNameAndUpdateTest" time="0.0" classname="com.etailpet.qa.testcases.ProfilePageTest">
    <ignored/>
  </testcase> <!-- RemoveFirstNameAndUpdateTest -->
  <testcase name="ClickEmptyAddressSaveButtonTest" time="0.0" classname="com.etailpet.qa.testcases.ProfilePageTest">
    <ignored/>
  </testcase> <!-- ClickEmptyAddressSaveButtonTest -->
  <testcase name="ListManageAddressTest" time="0.0" classname="com.etailpet.qa.testcases.ProfilePageTest">
    <ignored/>
  </testcase> <!-- ListManageAddressTest -->
  <testcase name="CheckAddNewAddressButtonTest" time="0.0" classname="com.etailpet.qa.testcases.ProfilePageTest">
    <ignored/>
  </testcase> <!-- CheckAddNewAddressButtonTest -->
  <testcase name="VerifyChangePasswordTitle" time="0.0" classname="com.etailpet.qa.testcases.ProfilePageTest">
    <ignored/>
  </testcase> <!-- VerifyChangePasswordTitle -->
  <testcase name="UploadProfilePictureTest" time="0.0" classname="com.etailpet.qa.testcases.ProfilePageTest">
    <ignored/>
  </testcase> <!-- UploadProfilePictureTest -->
  <testcase name="CheckAddNewAddressPageTitleTest" time="0.0" classname="com.etailpet.qa.testcases.ProfilePageTest">
    <ignored/>
  </testcase> <!-- CheckAddNewAddressPageTitleTest -->
  <testcase name="MaximumLimitRewardIdFieldTest" time="0.0" classname="com.etailpet.qa.testcases.ProfilePageTest">
    <ignored/>
  </testcase> <!-- MaximumLimitRewardIdFieldTest -->
  <testcase name="RemoveRewardIdAndUpdate" time="0.0" classname="com.etailpet.qa.testcases.ProfilePageTest">
    <ignored/>
  </testcase> <!-- RemoveRewardIdAndUpdate -->
  <testcase name="ProfileTitleTest" time="0.0" classname="com.etailpet.qa.testcases.ProfilePageTest">
    <ignored/>
  </testcase> <!-- ProfileTitleTest -->
  <testcase name="MaximumInputLastNameAndUpdateTest" time="0.0" classname="com.etailpet.qa.testcases.ProfilePageTest">
    <ignored/>
  </testcase> <!-- MaximumInputLastNameAndUpdateTest -->
  <testcase name="RemoveLastNameAndUpdateTest" time="0.0" classname="com.etailpet.qa.testcases.ProfilePageTest">
    <ignored/>
  </testcase> <!-- RemoveLastNameAndUpdateTest -->
  <testcase name="validationMessageRewardIDFieldTest" time="0.0" classname="com.etailpet.qa.testcases.ProfilePageTest">
    <ignored/>
  </testcase> <!-- validationMessageRewardIDFieldTest -->
  <testcase name="MakeDefaultAddressMethodTest" time="0.0" classname="com.etailpet.qa.testcases.ProfilePageTest">
    <ignored/>
  </testcase> <!-- MakeDefaultAddressMethodTest -->
  <testcase name="ClickEmptyUpdateProfileButtonTest" time="0.0" classname="com.etailpet.qa.testcases.ProfilePageTest">
    <ignored/>
  </testcase> <!-- ClickEmptyUpdateProfileButtonTest -->
  <testcase name="VerifyManageOrderTitleTest" time="0.0" classname="com.etailpet.qa.testcases.ProfilePageTest">
    <ignored/>
  </testcase> <!-- VerifyManageOrderTitleTest -->
  <testcase name="VerifyInputLimitationPhoneNumberFieldTest" time="0.0" classname="com.etailpet.qa.testcases.ProfilePageTest">
    <ignored/>
  </testcase> <!-- VerifyInputLimitationPhoneNumberFieldTest -->
  <testcase name="CheckFirstNameValidationMessageTest" time="0.0" classname="com.etailpet.qa.testcases.ProfilePageTest">
    <ignored/>
  </testcase> <!-- CheckFirstNameValidationMessageTest -->
  <testcase name="VerifyManageAddressTitleTest" time="0.0" classname="com.etailpet.qa.testcases.ProfilePageTest">
    <ignored/>
  </testcase> <!-- VerifyManageAddressTitleTest -->
  <testcase name="MaximumInputFirstNameAndUpdateTest" time="0.0" classname="com.etailpet.qa.testcases.ProfilePageTest">
    <ignored/>
  </testcase> <!-- MaximumInputFirstNameAndUpdateTest -->
  <testcase name="VerifyProfileInputFieldsTest" time="0.0" classname="com.etailpet.qa.testcases.ProfilePageTest">
    <ignored/>
  </testcase> <!-- VerifyProfileInputFieldsTest -->
  <testcase name="CheckValidFieldsInputProfileTest" time="0.0" classname="com.etailpet.qa.testcases.ProfilePageTest">
    <ignored/>
  </testcase> <!-- CheckValidFieldsInputProfileTest -->
</testsuite> <!-- Default test -->
