<?xml version="1.0" encoding="UTF-8"?>
<!-- Generated by org.testng.reporters.JUnitXMLReporter -->
<testsuite hostname="DESKTOP-BHCQ0KF" ignored="5" name="EtailPet Website Test Cases" tests="11" failures="0" timestamp="10 Aug 2020 17:23:57 GMT" time="591.176" errors="0">
  <testcase name="VerifyShopItemLogoTest" time="0.064" classname="com.etailpet.qa.testcases.ShopItemTest"/>
  <testcase name="VerifyShopItemTitleTest" time="0.012" classname="com.etailpet.qa.testcases.ShopItemTest"/>
  <testcase name="VerifySearchWithResultsTest" time="1.647" classname="com.etailpet.qa.testcases.ShopItemTest"/>
  <testcase name="CheckSortByTest" time="5.863" classname="com.etailpet.qa.testcases.ShopItemTest"/>
  <testcase name="CheckSelectBrandTest" time="6.842" classname="com.etailpet.qa.testcases.ShopItemTest"/>
  <testcase name="SearchProductTest" time="0.0" classname="com.etailpet.qa.testcases.ShopItemTest">
    <skipped/>
  </testcase> <!-- SearchProductTest -->
  <testcase name="SearchProductMethodTest" time="43.745" classname="com.etailpet.qa.testcases.ShopItemTest"/>
  <testcase name="ApplyPromoCodeTest" time="49.849" classname="com.etailpet.qa.testcases.ShopItemTest"/>
  <testcase name="RemovePromoCodeTest" time="54.215" classname="com.etailpet.qa.testcases.ShopItemTest"/>
  <testcase name="ApplyBuyGetCodeTest" time="71.676" classname="com.etailpet.qa.testcases.ShopItemTest"/>
  <testcase name="RemoveBuyGetCodeTest" time="75.327" classname="com.etailpet.qa.testcases.ShopItemTest"/>
  <testcase name="SearchByBrandTest" time="0.0" classname="com.etailpet.qa.testcases.ShopItemTest">
    <ignored/>
  </testcase> <!-- SearchByBrandTest -->
  <testcase name="SelectByDeliveryMethodTest" time="0.0" classname="com.etailpet.qa.testcases.ShopItemTest">
    <ignored/>
  </testcase> <!-- SelectByDeliveryMethodTest -->
  <testcase name="VerifyCheckFilterCheckBoxTest" time="0.0" classname="com.etailpet.qa.testcases.ShopItemTest">
    <ignored/>
  </testcase> <!-- VerifyCheckFilterCheckBoxTest -->
  <testcase name="ClearCheckFilterTest" time="0.0" classname="com.etailpet.qa.testcases.ShopItemTest">
    <ignored/>
  </testcase> <!-- ClearCheckFilterTest -->
  <testcase name="SearchByCategoryTest" time="0.0" classname="com.etailpet.qa.testcases.ShopItemTest">
    <ignored/>
  </testcase> <!-- SearchByCategoryTest -->
</testsuite> <!-- EtailPet Website Test Cases -->
